2024-06-18T11:43:53  perf: micro-optimization
2024-06-25T18:00:00  style: formatting
2024-07-26T13:17:07  chore: bump dev tooling
2024-08-27T08:34:14  docs: expand examples
2024-09-27T15:51:21  test: strengthen coverage
2024-10-05T10:08:28  chore: tune defaults
2024-11-05T17:25:35  refactor: simplify helper
2024-12-07T12:42:42  chore: routine maintenance
2024-12-14T19:59:49  docs: clarify usage notes
2025-01-22T14:16:56  test: add edge case
2025-02-22T09:33:03  refactor: tidy internals
2025-03-02T16:50:10  fix: handle empty input gracefully
2025-04-02T11:07:17  perf: micro-optimization
2025-05-04T18:24:24  style: formatting
2025-05-11T13:41:31  chore: bump dev tooling
2025-06-12T08:58:38  docs: expand examples
2025-07-13T15:15:45  test: strengthen coverage
2025-07-27T10:32:52  chore: tune defaults
2025-08-28T17:49:59  refactor: simplify helper
2025-09-28T12:06:06  chore: routine maintenance
2025-10-06T19:23:13  docs: clarify usage notes
2025-11-06T14:40:20  test: add edge case
2025-12-08T09:57:27  refactor: tidy internals
2025-12-15T16:14:34  fix: handle empty input gracefully
2026-01-16T11:31:41  perf: micro-optimization
2026-02-16T18:48:48  style: formatting
2026-03-03T13:05:55  chore: bump dev tooling
2026-04-03T08:22:02  docs: expand examples
2026-05-05T15:39:09  test: strengthen coverage
2026-05-12T10:56:16  chore: tune defaults
2024-09-19T11:43:53  feat: do or do not, there is no try/except
2024-10-20T18:00:00  perf: speed. I am speed.
2025-02-16T13:17:07  fix: the cake is a lie, but the bug was real
2025-06-15T08:34:14  test: trust, but verify
2025-07-17T15:51:21  fix: 60% of the time, it works every time
2025-11-13T10:08:28  docs: here be dragons
